<?xml version="1.0" encoding="UTF-8"?>
<!-- Generated by org.testng.reporters.JUnitXMLReporter -->
<testsuite ignored="0" hostname="DESKTOP-CI8IVDA" failures="0" tests="1" name="Default test" time="1.599" errors="0" timestamp="2025-07-31T10:53:43 IST">
  <testcase classname="genericlibrary.BaseConfig" name="@BeforeClass BrowserSetup" time="-1.75393942206E9">
    <failure type="org.testng.TestNGException" message="
Parameter &amp;apos;BrowserName&amp;apos; is required by BeforeClass on method BrowserSetup but has not been marked @Optional or defined
in C:\Users\u\AppData\Local\Temp\testng-eclipse-1713886685\testng-customsuite.xml">
      <![CDATA[org.testng.TestNGException: 
Parameter 'BrowserName' is required by BeforeClass on method BrowserSetup but has not been marked @Optional or defined
in C:\Users\u\AppData\Local\Temp\testng-eclipse-1713886685\testng-customsuite.xml
at org.testng.internal.Parameters.createParams(Parameters.java:264)
at org.testng.internal.Parameters.createParametersForMethod(Parameters.java:352)
at org.testng.internal.Parameters.createParameters(Parameters.java:690)
at org.testng.internal.Parameters.createConfigurationParameters(Parameters.java:163)
at org.testng.internal.invokers.ConfigInvoker.invokeConfigurations(ConfigInvoker.java:313)
at org.testng.internal.invokers.TestMethodWorker.invokeBeforeClassMethods(TestMethodWorker.java:188)
at org.testng.internal.invokers.TestMethodWorker.run(TestMethodWorker.java:128)
at java.base/java.util.ArrayList.forEach(ArrayList.java:1511)
at org.testng.TestRunner.privateRun(TestRunner.java:741)
at org.testng.TestRunner.run(TestRunner.java:616)
at org.testng.SuiteRunner.runTest(SuiteRunner.java:421)
at org.testng.SuiteRunner.runSequentially(SuiteRunner.java:413)
at org.testng.SuiteRunner.privateRun(SuiteRunner.java:373)
at org.testng.SuiteRunner.run(SuiteRunner.java:312)
at org.testng.SuiteRunnerWorker.runSuite(SuiteRunnerWorker.java:52)
at org.testng.SuiteRunnerWorker.run(SuiteRunnerWorker.java:95)
at org.testng.TestNG.runSuitesSequentially(TestNG.java:1274)
at org.testng.TestNG.runSuitesLocally(TestNG.java:1208)
at org.testng.TestNG.runSuites(TestNG.java:1112)
at org.testng.TestNG.run(TestNG.java:1079)
at org.testng.remote.AbstractRemoteTestNG.run(AbstractRemoteTestNG.java:115)
at org.testng.remote.RemoteTestNG.initAndRun(RemoteTestNG.java:293)
at org.testng.remote.RemoteTestNG.main(RemoteTestNG.java:91)
]]>
    </failure>
  </testcase> <!-- @BeforeClass BrowserSetup -->
  <testcase classname="genericlibrary.BaseConfig" name="@BeforeMethod LoginSwagLabs" time="0.0">
    <skipped/>
  </testcase> <!-- @BeforeMethod LoginSwagLabs -->
  <testcase classname="genericlibrary.BaseConfig" name="@AfterMethod LogoutSwagLabs" time="0.0">
    <skipped/>
  </testcase> <!-- @AfterMethod LogoutSwagLabs -->
  <testcase classname="genericlibrary.BaseConfig" name="@AfterClass BrowserTermination" time="0.0">
    <skipped/>
  </testcase> <!-- @AfterClass BrowserTermination -->
  <testcase classname="producttest.ExampleTest" name="orderProducts" time="0.0">
    <skipped/>
  </testcase> <!-- orderProducts -->
</testsuite> <!-- Default test -->
